<?xml version="1.0" encoding="UTF-8"?>
<!-- Generated by org.testng.reporters.JUnitXMLReporter -->
<testsuite hostname="RATNAKAR-LAPTOP" name="Test" tests="9" failures="0" timestamp="29 Apr 2019 16:53:24 GMT" time="352.808" errors="0">
  <testcase name="log" time="20.701" classname="com.NemoRx.TestScripts.TestScript_01"/>
  <testcase name="log" time="19.582" classname="com.NemoRx.TestScripts.TestScript_01"/>
  <testcase name="AddingWorkHour_deletingWorkHour" time="29.06" classname="com.NemoRx.TestScripts.TestScript_02"/>
  <testcase name="AddingWorkHour_deletingWorkHour" time="27.748" classname="com.NemoRx.TestScripts.TestScript_02"/>
  <testcase name="AddingWorkHour_deletingWorkHour" time="28.025" classname="com.NemoRx.TestScripts.TestScript_02"/>
  <testcase name="VerifyingLinksFromSideMenu" time="42.593" classname="com.NemoRx.TestScripts.TestScript_03"/>
  <testcase name="VerifyingLinksFromSideMenu" time="42.302" classname="com.NemoRx.TestScripts.TestScript_03"/>
  <testcase name="VerifyingLinksFromSideMenu" time="42.233" classname="com.NemoRx.TestScripts.TestScript_03"/>
  <testcase name="SearchPatientAddMedication" time="23.319" classname="com.NemoRx.TestScripts.TestScript_04"/>
</testsuite> <!-- Test -->
