<?xml version="1.0" encoding="UTF-8"?>
<!-- Generated by org.testng.reporters.JUnitXMLReporter -->
<testsuite hostname="RATNAKAR-LAPTOP" name="Test" tests="11" failures="0" timestamp="30 Apr 2019 12:35:07 GMT" time="533.785" errors="0">
  <testcase name="LoginAndLogout" time="20.197" classname="com.NemoRx.TestScripts.TestScript_01"/>
  <testcase name="LoginAndLogout" time="19.485" classname="com.NemoRx.TestScripts.TestScript_01"/>
  <testcase name="AddingWorkHour_deletingWorkHour" time="28.867" classname="com.NemoRx.TestScripts.TestScript_02"/>
  <testcase name="AddingWorkHour_deletingWorkHour" time="27.781" classname="com.NemoRx.TestScripts.TestScript_02"/>
  <testcase name="AddingWorkHour_deletingWorkHour" time="28.098" classname="com.NemoRx.TestScripts.TestScript_02"/>
  <testcase name="VerifyingLinksFromSideMenu" time="43.277" classname="com.NemoRx.TestScripts.TestScript_03"/>
  <testcase name="VerifyingLinksFromSideMenu" time="42.411" classname="com.NemoRx.TestScripts.TestScript_03"/>
  <testcase name="VerifyingLinksFromSideMenu" time="41.946" classname="com.NemoRx.TestScripts.TestScript_03"/>
  <testcase name="SearchPatientAddMedication" time="24.878" classname="com.NemoRx.TestScripts.TestScript_04"/>
  <testcase name="RxPrintSettingsValidation" time="78.471" classname="com.NemoRx.TestScripts.TestScript_05"/>
  <testcase name="RxPrintSettingsValidation" time="77.819" classname="com.NemoRx.TestScripts.TestScript_05"/>
</testsuite> <!-- Test -->
