<?xml version="1.0" encoding="UTF-8"?>
<testng-results skipped="0" failed="1" total="9" passed="8">
  <reporter-output>
    <line>
      <![CDATA[Successfully login completed]]>
    </line>
    <line>
      <![CDATA[Page Title-NEMORx]]>
    </line>
    <line>
      <![CDATA[Logout Successfully completed]]>
    </line>
    <line>
      <![CDATA[Successfully login completed]]>
    </line>
    <line>
      <![CDATA[Page Title-NEMORx]]>
    </line>
    <line>
      <![CDATA[Logout Successfully completed]]>
    </line>
    <line>
      <![CDATA[Successfully login completed]]>
    </line>
    <line>
      <![CDATA[Page Title-NEMORx]]>
    </line>
    <line>
      <![CDATA[Working hours link from side menu succesfully opened]]>
    </line>
    <line>
      <![CDATA[Alert message - Are you sure you want to remove this item?]]>
    </line>
    <line>
      <![CDATA[Work hour is deleted]]>
    </line>
    <line>
      <![CDATA[Logout Successfully completed]]>
    </line>
    <line>
      <![CDATA[Successfully login completed]]>
    </line>
    <line>
      <![CDATA[Page Title-NEMORx]]>
    </line>
    <line>
      <![CDATA[Working hours link from side menu succesfully opened]]>
    </line>
    <line>
      <![CDATA[Alert message - Are you sure you want to remove this item?]]>
    </line>
    <line>
      <![CDATA[Work hour is deleted]]>
    </line>
    <line>
      <![CDATA[Logout Successfully completed]]>
    </line>
    <line>
      <![CDATA[Successfully login completed]]>
    </line>
    <line>
      <![CDATA[Page Title-NEMORx]]>
    </line>
    <line>
      <![CDATA[Working hours link from side menu succesfully opened]]>
    </line>
    <line>
      <![CDATA[Alert message - Are you sure you want to remove this item?]]>
    </line>
    <line>
      <![CDATA[Work hour is deleted]]>
    </line>
    <line>
      <![CDATA[Logout Successfully completed]]>
    </line>
    <line>
      <![CDATA[Successfully login completed]]>
    </line>
    <line>
      <![CDATA[Page Title-NEMORx]]>
    </line>
    <line>
      <![CDATA[Audit items link from side menu succesfully opened]]>
    </line>
    <line>
      <![CDATA[Grant request link from side succesfully opened]]>
    </line>
    <line>
      <![CDATA[Profile Link From Side Menu Successfully opened]]>
    </line>
    <line>
      <![CDATA[Profile Link From Side Menu Successfully opened]]>
    </line>
    <line>
      <![CDATA[Profile Link From Side Menu Successfully opened]]>
    </line>
    <line>
      <![CDATA[View/Export Signed Prescriptions link from side menu opened Succesfully]]>
    </line>
    <line>
      <![CDATA[Working hours link from side menu succesfully opened]]>
    </line>
    <line>
      <![CDATA[Logout Successfully completed]]>
    </line>
    <line>
      <![CDATA[Successfully login completed]]>
    </line>
    <line>
      <![CDATA[Page Title-NEMORx]]>
    </line>
    <line>
      <![CDATA[Audit items link from side menu succesfully opened]]>
    </line>
    <line>
      <![CDATA[Grant request link from side succesfully opened]]>
    </line>
    <line>
      <![CDATA[Profile Link From Side Menu Successfully opened]]>
    </line>
    <line>
      <![CDATA[Profile Link From Side Menu Successfully opened]]>
    </line>
    <line>
      <![CDATA[Profile Link From Side Menu Successfully opened]]>
    </line>
    <line>
      <![CDATA[View/Export Signed Prescriptions link from side menu opened Succesfully]]>
    </line>
    <line>
      <![CDATA[Working hours link from side menu succesfully opened]]>
    </line>
    <line>
      <![CDATA[Logout Successfully completed]]>
    </line>
    <line>
      <![CDATA[Successfully login completed]]>
    </line>
    <line>
      <![CDATA[Page Title-NEMORx]]>
    </line>
    <line>
      <![CDATA[Audit items link from side menu succesfully opened]]>
    </line>
    <line>
      <![CDATA[Grant request link from side succesfully opened]]>
    </line>
    <line>
      <![CDATA[Profile Link From Side Menu Successfully opened]]>
    </line>
    <line>
      <![CDATA[Profile Link From Side Menu Successfully opened]]>
    </line>
    <line>
      <![CDATA[Profile Link From Side Menu Successfully opened]]>
    </line>
    <line>
      <![CDATA[View/Export Signed Prescriptions link from side menu opened Succesfully]]>
    </line>
    <line>
      <![CDATA[Working hours link from side menu succesfully opened]]>
    </line>
    <line>
      <![CDATA[Logout Successfully completed]]>
    </line>
    <line>
      <![CDATA[Successfully login completed]]>
    </line>
    <line>
      <![CDATA[Page Title-NEMORx]]>
    </line>
    <line>
      <![CDATA[Page 2 Title==NEMORx]]>
    </line>
  </reporter-output>
  <suite name="Suite" duration-ms="533027" started-at="2019-04-30T05:10:14Z" finished-at="2019-04-30T05:19:07Z">
    <groups>
    </groups>
    <test name="Test" duration-ms="533027" started-at="2019-04-30T05:10:14Z" finished-at="2019-04-30T05:19:07Z">
      <class name="com.NemoRx.TestScripts.TestScript_03">
        <test-method status="PASS" signature="Open()[pri:0, instance:com.NemoRx.TestScripts.TestScript_03@2d6d8735]" name="Open" is-config="true" duration-ms="23391" started-at="2019-04-30T10:44:11Z" finished-at="2019-04-30T10:44:35Z">
          <reporter-output>
          </reporter-output>
        </test-method> <!-- Open -->
        <test-method status="PASS" signature="VerifyingLinksFromSideMenu(java.lang.String, java.lang.String)[pri:0, instance:com.NemoRx.TestScripts.TestScript_03@2d6d8735]" name="VerifyingLinksFromSideMenu" duration-ms="46594" started-at="2019-04-30T10:44:35Z" data-provider="getdata" finished-at="2019-04-30T10:45:21Z">
          <params>
            <param index="0">
              <value>
                <![CDATA[ratnakarg@pronixinc.com]]>
              </value>
            </param>
            <param index="1">
              <value>
                <![CDATA[W&lcome@2019]]>
              </value>
            </param>
          </params>
          <reporter-output>
            <line>
              <![CDATA[Successfully login completed]]>
            </line>
            <line>
              <![CDATA[Page Title-NEMORx]]>
            </line>
            <line>
              <![CDATA[Audit items link from side menu succesfully opened]]>
            </line>
            <line>
              <![CDATA[Grant request link from side succesfully opened]]>
            </line>
            <line>
              <![CDATA[Profile Link From Side Menu Successfully opened]]>
            </line>
            <line>
              <![CDATA[Profile Link From Side Menu Successfully opened]]>
            </line>
            <line>
              <![CDATA[Profile Link From Side Menu Successfully opened]]>
            </line>
            <line>
              <![CDATA[View/Export Signed Prescriptions link from side menu opened Succesfully]]>
            </line>
            <line>
              <![CDATA[Working hours link from side menu succesfully opened]]>
            </line>
            <line>
              <![CDATA[Logout Successfully completed]]>
            </line>
          </reporter-output>
        </test-method> <!-- VerifyingLinksFromSideMenu -->
        <test-method status="PASS" signature="VerifyingLinksFromSideMenu(java.lang.String, java.lang.String)[pri:0, instance:com.NemoRx.TestScripts.TestScript_03@2d6d8735]" name="VerifyingLinksFromSideMenu" duration-ms="43379" started-at="2019-04-30T10:45:21Z" data-provider="getdata" finished-at="2019-04-30T10:46:05Z">
          <params>
            <param index="0">
              <value>
                <![CDATA[phani@pronixinc.com]]>
              </value>
            </param>
            <param index="1">
              <value>
                <![CDATA[W&lcome@2019]]>
              </value>
            </param>
          </params>
          <reporter-output>
            <line>
              <![CDATA[Successfully login completed]]>
            </line>
            <line>
              <![CDATA[Page Title-NEMORx]]>
            </line>
            <line>
              <![CDATA[Audit items link from side menu succesfully opened]]>
            </line>
            <line>
              <![CDATA[Grant request link from side succesfully opened]]>
            </line>
            <line>
              <![CDATA[Profile Link From Side Menu Successfully opened]]>
            </line>
            <line>
              <![CDATA[Profile Link From Side Menu Successfully opened]]>
            </line>
            <line>
              <![CDATA[Profile Link From Side Menu Successfully opened]]>
            </line>
            <line>
              <![CDATA[View/Export Signed Prescriptions link from side menu opened Succesfully]]>
            </line>
            <line>
              <![CDATA[Working hours link from side menu succesfully opened]]>
            </line>
            <line>
              <![CDATA[Logout Successfully completed]]>
            </line>
          </reporter-output>
        </test-method> <!-- VerifyingLinksFromSideMenu -->
        <test-method status="PASS" signature="VerifyingLinksFromSideMenu(java.lang.String, java.lang.String)[pri:0, instance:com.NemoRx.TestScripts.TestScript_03@2d6d8735]" name="VerifyingLinksFromSideMenu" duration-ms="44439" started-at="2019-04-30T10:46:05Z" data-provider="getdata" finished-at="2019-04-30T10:46:49Z">
          <params>
            <param index="0">
              <value>
                <![CDATA[webtest39@nemohealth.com]]>
              </value>
            </param>
            <param index="1">
              <value>
                <![CDATA[Like2Bike!]]>
              </value>
            </param>
          </params>
          <reporter-output>
            <line>
              <![CDATA[Successfully login completed]]>
            </line>
            <line>
              <![CDATA[Page Title-NEMORx]]>
            </line>
            <line>
              <![CDATA[Audit items link from side menu succesfully opened]]>
            </line>
            <line>
              <![CDATA[Grant request link from side succesfully opened]]>
            </line>
            <line>
              <![CDATA[Profile Link From Side Menu Successfully opened]]>
            </line>
            <line>
              <![CDATA[Profile Link From Side Menu Successfully opened]]>
            </line>
            <line>
              <![CDATA[Profile Link From Side Menu Successfully opened]]>
            </line>
            <line>
              <![CDATA[View/Export Signed Prescriptions link from side menu opened Succesfully]]>
            </line>
            <line>
              <![CDATA[Working hours link from side menu succesfully opened]]>
            </line>
            <line>
              <![CDATA[Logout Successfully completed]]>
            </line>
          </reporter-output>
        </test-method> <!-- VerifyingLinksFromSideMenu -->
        <test-method status="PASS" signature="Close()[pri:0, instance:com.NemoRx.TestScripts.TestScript_03@2d6d8735]" name="Close" is-config="true" duration-ms="1027" started-at="2019-04-30T10:46:49Z" finished-at="2019-04-30T10:46:50Z">
          <reporter-output>
          </reporter-output>
        </test-method> <!-- Close -->
      </class> <!-- com.NemoRx.TestScripts.TestScript_03 -->
      <class name="com.NemoRx.TestScripts.TestScript_02">
        <test-method status="PASS" signature="Open()[pri:0, instance:com.NemoRx.TestScripts.TestScript_02@6aceb1a5]" name="Open" is-config="true" duration-ms="21703" started-at="2019-04-30T10:42:15Z" finished-at="2019-04-30T10:42:36Z">
          <reporter-output>
          </reporter-output>
        </test-method> <!-- Open -->
        <test-method status="PASS" signature="AddingWorkHour_deletingWorkHour(java.lang.String, java.lang.String)[pri:0, instance:com.NemoRx.TestScripts.TestScript_02@6aceb1a5]" name="AddingWorkHour_deletingWorkHour" duration-ms="36337" started-at="2019-04-30T10:42:36Z" data-provider="getdata" finished-at="2019-04-30T10:43:13Z">
          <params>
            <param index="0">
              <value>
                <![CDATA[ratnakarg@pronixinc.com]]>
              </value>
            </param>
            <param index="1">
              <value>
                <![CDATA[W&lcome@2019]]>
              </value>
            </param>
          </params>
          <reporter-output>
            <line>
              <![CDATA[Successfully login completed]]>
            </line>
            <line>
              <![CDATA[Page Title-NEMORx]]>
            </line>
            <line>
              <![CDATA[Working hours link from side menu succesfully opened]]>
            </line>
            <line>
              <![CDATA[Alert message - Are you sure you want to remove this item?]]>
            </line>
            <line>
              <![CDATA[Work hour is deleted]]>
            </line>
            <line>
              <![CDATA[Logout Successfully completed]]>
            </line>
          </reporter-output>
        </test-method> <!-- AddingWorkHour_deletingWorkHour -->
        <test-method status="PASS" signature="AddingWorkHour_deletingWorkHour(java.lang.String, java.lang.String)[pri:0, instance:com.NemoRx.TestScripts.TestScript_02@6aceb1a5]" name="AddingWorkHour_deletingWorkHour" duration-ms="28967" started-at="2019-04-30T10:43:13Z" data-provider="getdata" finished-at="2019-04-30T10:43:42Z">
          <params>
            <param index="0">
              <value>
                <![CDATA[phani@pronixinc.com]]>
              </value>
            </param>
            <param index="1">
              <value>
                <![CDATA[W&lcome@2019]]>
              </value>
            </param>
          </params>
          <reporter-output>
            <line>
              <![CDATA[Successfully login completed]]>
            </line>
            <line>
              <![CDATA[Page Title-NEMORx]]>
            </line>
            <line>
              <![CDATA[Working hours link from side menu succesfully opened]]>
            </line>
            <line>
              <![CDATA[Alert message - Are you sure you want to remove this item?]]>
            </line>
            <line>
              <![CDATA[Work hour is deleted]]>
            </line>
            <line>
              <![CDATA[Logout Successfully completed]]>
            </line>
          </reporter-output>
        </test-method> <!-- AddingWorkHour_deletingWorkHour -->
        <test-method status="PASS" signature="AddingWorkHour_deletingWorkHour(java.lang.String, java.lang.String)[pri:0, instance:com.NemoRx.TestScripts.TestScript_02@6aceb1a5]" name="AddingWorkHour_deletingWorkHour" duration-ms="28934" started-at="2019-04-30T10:43:42Z" data-provider="getdata" finished-at="2019-04-30T10:44:11Z">
          <params>
            <param index="0">
              <value>
                <![CDATA[webtest39@nemohealth.com]]>
              </value>
            </param>
            <param index="1">
              <value>
                <![CDATA[Like2Bike!]]>
              </value>
            </param>
          </params>
          <reporter-output>
            <line>
              <![CDATA[Successfully login completed]]>
            </line>
            <line>
              <![CDATA[Page Title-NEMORx]]>
            </line>
            <line>
              <![CDATA[Working hours link from side menu succesfully opened]]>
            </line>
            <line>
              <![CDATA[Alert message - Are you sure you want to remove this item?]]>
            </line>
            <line>
              <![CDATA[Work hour is deleted]]>
            </line>
            <line>
              <![CDATA[Logout Successfully completed]]>
            </line>
          </reporter-output>
        </test-method> <!-- AddingWorkHour_deletingWorkHour -->
        <test-method status="PASS" signature="Close()[pri:0, instance:com.NemoRx.TestScripts.TestScript_02@6aceb1a5]" name="Close" is-config="true" duration-ms="640" started-at="2019-04-30T10:44:11Z" finished-at="2019-04-30T10:44:11Z">
          <reporter-output>
          </reporter-output>
        </test-method> <!-- Close -->
      </class> <!-- com.NemoRx.TestScripts.TestScript_02 -->
      <class name="com.NemoRx.TestScripts.TestScript_01">
        <test-method status="PASS" signature="Open()[pri:0, instance:com.NemoRx.TestScripts.TestScript_01@769c9116]" name="Open" is-config="true" duration-ms="39172" started-at="2019-04-30T10:40:14Z" finished-at="2019-04-30T10:40:54Z">
          <reporter-output>
          </reporter-output>
        </test-method> <!-- Open -->
        <test-method status="PASS" signature="loginAndLogout(java.lang.String, java.lang.String)[pri:0, instance:com.NemoRx.TestScripts.TestScript_01@769c9116]" name="loginAndLogout" duration-ms="60529" started-at="2019-04-30T10:40:54Z" data-provider="getdata" finished-at="2019-04-30T10:41:54Z">
          <params>
            <param index="0">
              <value>
                <![CDATA[ratnakarg@pronixinc.com]]>
              </value>
            </param>
            <param index="1">
              <value>
                <![CDATA[W&lcome@2019]]>
              </value>
            </param>
          </params>
          <reporter-output>
            <line>
              <![CDATA[Successfully login completed]]>
            </line>
            <line>
              <![CDATA[Page Title-NEMORx]]>
            </line>
            <line>
              <![CDATA[Logout Successfully completed]]>
            </line>
          </reporter-output>
        </test-method> <!-- loginAndLogout -->
        <test-method status="PASS" signature="loginAndLogout(java.lang.String, java.lang.String)[pri:0, instance:com.NemoRx.TestScripts.TestScript_01@769c9116]" name="loginAndLogout" duration-ms="19838" started-at="2019-04-30T10:41:54Z" data-provider="getdata" finished-at="2019-04-30T10:42:14Z">
          <params>
            <param index="0">
              <value>
                <![CDATA[phani@pronixinc.com]]>
              </value>
            </param>
            <param index="1">
              <value>
                <![CDATA[W&lcome@2019]]>
              </value>
            </param>
          </params>
          <reporter-output>
            <line>
              <![CDATA[Successfully login completed]]>
            </line>
            <line>
              <![CDATA[Page Title-NEMORx]]>
            </line>
            <line>
              <![CDATA[Logout Successfully completed]]>
            </line>
          </reporter-output>
        </test-method> <!-- loginAndLogout -->
        <test-method status="PASS" signature="Close()[pri:0, instance:com.NemoRx.TestScripts.TestScript_01@769c9116]" name="Close" is-config="true" duration-ms="659" started-at="2019-04-30T10:42:14Z" finished-at="2019-04-30T10:42:15Z">
          <reporter-output>
          </reporter-output>
        </test-method> <!-- Close -->
      </class> <!-- com.NemoRx.TestScripts.TestScript_01 -->
      <class name="com.NemoRx.TestScripts.TestScript_04">
        <test-method status="PASS" signature="Open()[pri:0, instance:com.NemoRx.TestScripts.TestScript_04@66133adc]" name="Open" is-config="true" duration-ms="70297" started-at="2019-04-30T10:46:50Z" finished-at="2019-04-30T10:48:00Z">
          <reporter-output>
          </reporter-output>
        </test-method> <!-- Open -->
        <test-method status="FAIL" signature="SearchPatientAddMedication(java.lang.String, java.lang.String)[pri:0, instance:com.NemoRx.TestScripts.TestScript_04@66133adc]" name="SearchPatientAddMedication" duration-ms="66126" started-at="2019-04-30T10:48:00Z" data-provider="getdata" finished-at="2019-04-30T10:49:06Z">
          <params>
            <param index="0">
              <value>
                <![CDATA[ratnakarg@pronixinc.com]]>
              </value>
            </param>
            <param index="1">
              <value>
                <![CDATA[W&lcome@2019]]>
              </value>
            </param>
          </params>
          <exception class="org.openqa.selenium.TimeoutException">
            <message>
              <![CDATA[Expected condition failed: waiting for element to be clickable: By.xpath: //*[@id="root"]/div/header/div/div[1]/div[2]/div/ul/div (tried for 10 second(s) with 500 milliseconds interval)]]>
            </message>
            <full-stacktrace>
              <![CDATA[org.openqa.selenium.TimeoutException: Expected condition failed: waiting for element to be clickable: By.xpath: //*[@id="root"]/div/header/div/div[1]/div[2]/div/ul/div (tried for 10 second(s) with 500 milliseconds interval)
	at org.openqa.selenium.support.ui.WebDriverWait.timeoutException(WebDriverWait.java:95)
	at org.openqa.selenium.support.ui.FluentWait.until(FluentWait.java:272)
	at com.NemoRx.lib.General.SearchPatient(General.java:25)
	at com.NemoRx.TestScripts.TestScript_04.SearchPatientAddMedication(TestScript_04.java:32)
	at sun.reflect.NativeMethodAccessorImpl.invoke0(Native Method)
	at sun.reflect.NativeMethodAccessorImpl.invoke(Unknown Source)
	at sun.reflect.DelegatingMethodAccessorImpl.invoke(Unknown Source)
	at java.lang.reflect.Method.invoke(Unknown Source)
	at org.testng.internal.MethodInvocationHelper.invokeMethod(MethodInvocationHelper.java:84)
	at org.testng.internal.Invoker.invokeMethod(Invoker.java:714)
	at org.testng.internal.Invoker.invokeTestMethod(Invoker.java:901)
	at org.testng.internal.Invoker.invokeTestMethods(Invoker.java:1231)
	at org.testng.internal.TestMethodWorker.invokeTestMethods(TestMethodWorker.java:127)
	at org.testng.internal.TestMethodWorker.run(TestMethodWorker.java:111)
	at org.testng.TestRunner.privateRun(TestRunner.java:767)
	at org.testng.TestRunner.run(TestRunner.java:617)
	at org.testng.SuiteRunner.runTest(SuiteRunner.java:334)
	at org.testng.SuiteRunner.runSequentially(SuiteRunner.java:329)
	at org.testng.SuiteRunner.privateRun(SuiteRunner.java:291)
	at org.testng.SuiteRunner.run(SuiteRunner.java:240)
	at org.testng.SuiteRunnerWorker.runSuite(SuiteRunnerWorker.java:52)
	at org.testng.SuiteRunnerWorker.run(SuiteRunnerWorker.java:86)
	at org.testng.TestNG.runSuitesSequentially(TestNG.java:1224)
	at org.testng.TestNG.runSuitesLocally(TestNG.java:1149)
	at org.testng.TestNG.run(TestNG.java:1057)
	at org.testng.remote.RemoteTestNG.run(RemoteTestNG.java:115)
	at org.testng.remote.RemoteTestNG.initAndRun(RemoteTestNG.java:207)
	at org.testng.remote.RemoteTestNG.main(RemoteTestNG.java:178)
Caused by: org.openqa.selenium.NoSuchElementException: no such element: Unable to locate element: {"method":"xpath","selector":"//*[@id="root"]/div/header/div/div[1]/div[2]/div/ul/div"}
  (Session info: chrome=73.0.3683.103)
  (Driver info: chromedriver=73.0.3683.20 (8e2b610813e167eee3619ac4ce6e42e3ec622017),platform=Windows NT 10.0.16299 x86_64) (WARNING: The server did not provide any stacktrace information)
Command duration or timeout: 0 milliseconds
For documentation on this error, please visit: https://www.seleniumhq.org/exceptions/no_such_element.html
Build info: version: '3.141.59', revision: 'e82be7d358', time: '2018-11-14T08:25:48'
System info: host: 'RATNAKAR-LAPTOP', ip: '192.168.0.103', os.name: 'Windows 10', os.arch: 'amd64', os.version: '10.0', java.version: '1.8.0_201'
Driver info: org.openqa.selenium.chrome.ChromeDriver
Capabilities {acceptInsecureCerts: false, acceptSslCerts: false, applicationCacheEnabled: false, browserConnectionEnabled: false, browserName: chrome, chrome: {chromedriverVersion: 73.0.3683.20 (8e2b610813e16..., userDataDir: C:\Users\PRONIX7\AppData\Lo...}, cssSelectorsEnabled: true, databaseEnabled: false, goog:chromeOptions: {debuggerAddress: localhost:50750}, handlesAlerts: true, hasTouchScreen: false, javascriptEnabled: true, locationContextEnabled: true, mobileEmulationEnabled: false, nativeEvents: true, networkConnectionEnabled: false, pageLoadStrategy: normal, platform: XP, platformName: XP, proxy: Proxy(), rotatable: false, setWindowRect: true, strictFileInteractability: false, takesHeapSnapshot: true, takesScreenshot: true, timeouts: {implicit: 0, pageLoad: 300000, script: 30000}, unexpectedAlertBehaviour: ignore, unhandledPromptBehavior: ignore, version: 73.0.3683.103, webStorageEnabled: true}
Session ID: 088c60eab4c2bbe99b3f18d7d8cd7ebb
*** Element info: {Using=xpath, value=//*[@id="root"]/div/header/div/div[1]/div[2]/div/ul/div}
	at sun.reflect.GeneratedConstructorAccessor12.newInstance(Unknown Source)
	at sun.reflect.DelegatingConstructorAccessorImpl.newInstance(Unknown Source)
	at java.lang.reflect.Constructor.newInstance(Unknown Source)
	at org.openqa.selenium.remote.ErrorHandler.createThrowable(ErrorHandler.java:214)
	at org.openqa.selenium.remote.ErrorHandler.throwIfResponseFailed(ErrorHandler.java:166)
	at org.openqa.selenium.remote.http.JsonHttpResponseCodec.reconstructValue(JsonHttpResponseCodec.java:40)
	at org.openqa.selenium.remote.http.AbstractHttpResponseCodec.decode(AbstractHttpResponseCodec.java:80)
	at org.openqa.selenium.remote.http.AbstractHttpResponseCodec.decode(AbstractHttpResponseCodec.java:44)
	at org.openqa.selenium.remote.HttpCommandExecutor.execute(HttpCommandExecutor.java:158)
	at org.openqa.selenium.remote.service.DriverCommandExecutor.execute(DriverCommandExecutor.java:83)
	at org.openqa.selenium.remote.RemoteWebDriver.execute(RemoteWebDriver.java:552)
	at org.openqa.selenium.remote.RemoteWebDriver.findElement(RemoteWebDriver.java:323)
	at org.openqa.selenium.remote.RemoteWebDriver.findElementByXPath(RemoteWebDriver.java:428)
	at org.openqa.selenium.By$ByXPath.findElement(By.java:353)
	at org.openqa.selenium.remote.RemoteWebDriver.findElement(RemoteWebDriver.java:315)
	at org.openqa.selenium.support.ui.ExpectedConditions$7.apply(ExpectedConditions.java:205)
	at org.openqa.selenium.support.ui.ExpectedConditions$7.apply(ExpectedConditions.java:201)
	at org.openqa.selenium.support.ui.ExpectedConditions$22.apply(ExpectedConditions.java:641)
	at org.openqa.selenium.support.ui.ExpectedConditions$22.apply(ExpectedConditions.java:638)
	at org.openqa.selenium.support.ui.FluentWait.until(FluentWait.java:249)
	... 26 more
]]>
            </full-stacktrace>
          </exception> <!-- org.openqa.selenium.TimeoutException -->
          <reporter-output>
            <line>
              <![CDATA[Successfully login completed]]>
            </line>
            <line>
              <![CDATA[Page Title-NEMORx]]>
            </line>
            <line>
              <![CDATA[Page 2 Title==NEMORx]]>
            </line>
          </reporter-output>
        </test-method> <!-- SearchPatientAddMedication -->
        <test-method status="PASS" signature="Close()[pri:0, instance:com.NemoRx.TestScripts.TestScript_04@66133adc]" name="Close" is-config="true" duration-ms="971" started-at="2019-04-30T10:49:06Z" finished-at="2019-04-30T10:49:07Z">
          <reporter-output>
          </reporter-output>
        </test-method> <!-- Close -->
      </class> <!-- com.NemoRx.TestScripts.TestScript_04 -->
    </test> <!-- Test -->
  </suite> <!-- Suite -->
</testng-results>
