<?xml version="1.0" encoding="UTF-8"?>
<testng-results skipped="0" failed="0" total="1" passed="1">
  <reporter-output>
    <line>
      <![CDATA[Successfully login completed]]>
    </line>
    <line>
      <![CDATA[Page Title-NEMORx]]>
    </line>
    <line>
      <![CDATA[Name of patient==YBLKXSZI]]>
    </line>
    <line>
      <![CDATA[Add medication Button = true]]>
    </line>
    <line>
      <![CDATA[Drug Selected]]>
    </line>
    <line>
      <![CDATA[Successfully added medication. Would you like to add another medication?]]>
    </line>
    <line>
      <![CDATA[Successfully created allergy. Would you like to add another allergy?]]>
    </line>
  </reporter-output>
  <suite name="Default suite" duration-ms="56611" started-at="2019-05-07T16:10:18Z" finished-at="2019-05-07T16:11:14Z">
    <groups>
    </groups>
    <test name="Default test" duration-ms="56611" started-at="2019-05-07T16:10:18Z" finished-at="2019-05-07T16:11:14Z">
      <class name="com.NemoRx.TestScripts.TestScript_04">
        <test-method status="PASS" signature="Open()[pri:0, instance:com.NemoRx.TestScripts.TestScript_04@60215eee]" name="Open" is-config="true" duration-ms="20715" started-at="2019-05-07T21:40:18Z" finished-at="2019-05-07T21:40:39Z">
          <reporter-output>
          </reporter-output>
        </test-method> <!-- Open -->
        <test-method status="PASS" signature="SearchPatientAddMedication(java.lang.String, java.lang.String)[pri:0, instance:com.NemoRx.TestScripts.TestScript_04@60215eee]" name="SearchPatientAddMedication" duration-ms="35241" started-at="2019-05-07T21:40:39Z" data-provider="getdata" finished-at="2019-05-07T21:41:14Z">
          <params>
            <param index="0">
              <value>
                <![CDATA[ratnakarg@pronixinc.com]]>
              </value>
            </param>
            <param index="1">
              <value>
                <![CDATA[Rathna@299299]]>
              </value>
            </param>
          </params>
          <reporter-output>
            <line>
              <![CDATA[Successfully login completed]]>
            </line>
            <line>
              <![CDATA[Page Title-NEMORx]]>
            </line>
            <line>
              <![CDATA[Name of patient==YBLKXSZI]]>
            </line>
            <line>
              <![CDATA[Add medication Button = true]]>
            </line>
            <line>
              <![CDATA[Drug Selected]]>
            </line>
            <line>
              <![CDATA[Successfully added medication. Would you like to add another medication?]]>
            </line>
            <line>
              <![CDATA[Successfully created allergy. Would you like to add another allergy?]]>
            </line>
          </reporter-output>
        </test-method> <!-- SearchPatientAddMedication -->
        <test-method status="PASS" signature="Close()[pri:0, instance:com.NemoRx.TestScripts.TestScript_04@60215eee]" name="Close" is-config="true" duration-ms="639" started-at="2019-05-07T21:41:14Z" finished-at="2019-05-07T21:41:14Z">
          <reporter-output>
          </reporter-output>
        </test-method> <!-- Close -->
      </class> <!-- com.NemoRx.TestScripts.TestScript_04 -->
    </test> <!-- Default test -->
  </suite> <!-- Default suite -->
</testng-results>
