<?xml version="1.0" encoding="UTF-8"?>
<!-- Generated by org.testng.reporters.JUnitXMLReporter -->
<testsuite hostname="RATNAKAR-LAPTOP" name="Default test" tests="3" failures="0" timestamp="29 Apr 2019 11:42:28 GMT" time="117.459" errors="0">
  <testcase name="AddingWorkHour_deletingWorkHour" time="30.432" classname="com.NemoRx.TestScripts.TestScript_02"/>
  <testcase name="AddingWorkHour_deletingWorkHour" time="29.316" classname="com.NemoRx.TestScripts.TestScript_02"/>
  <testcase name="AddingWorkHour_deletingWorkHour" time="29.393" classname="com.NemoRx.TestScripts.TestScript_02"/>
</testsuite> <!-- Default test -->
