<?xml version="1.0" encoding="UTF-8"?>
<!-- Generated by org.testng.reporters.JUnitXMLReporter -->
<testsuite hostname="RATNAKAR-LAPTOP" name="Default test" tests="2" failures="0" timestamp="7 May 2019 15:52:36 GMT" time="77.454" errors="0">
  <testcase name="AllergiesButtonsVerificationOnPatientChart" time="39.939" classname="com.NemoRx.TestScripts.TestScript_08"/>
  <testcase name="MedicationsButtonsVerificationOnPatientChart" time="37.498" classname="com.NemoRx.TestScripts.TestScript_08"/>
</testsuite> <!-- Default test -->
